2018-06-05 17:39:55.706 ERROR 95784 --- [restartedMain] o.s.b.c.l.LoggingApplicationListener     : Cannot set level:  for 'com.hinacom'
2018-06-05 17:39:55.801  INFO 95784 --- [restartedMain] com.hinacom.bi.Application               : Starting Application on dell-PC with PID 95784 (C:\src\miPlatform\bi\out\production\classes started by Administrator in C:\src\miPlatform)
2018-06-05 17:39:55.802  INFO 95784 --- [restartedMain] com.hinacom.bi.Application               : No active profile set, falling back to default profiles: default
2018-06-05 17:39:55.845  INFO 95784 --- [restartedMain] ConfigServletWebServerApplicationContext : Refreshing org.springframework.boot.web.servlet.context.AnnotationConfigServletWebServerApplicationContext@12510e84: startup date [Tue Jun 05 17:39:55 CST 2018]; root of context hierarchy
2018-06-05 17:39:57.494  INFO 95784 --- [restartedMain] o.s.b.w.embedded.tomcat.TomcatWebServer  : Tomcat initialized with port(s): 9101 (http)
2018-06-05 17:39:57.535  INFO 95784 --- [restartedMain] o.apache.catalina.core.StandardService   : Starting service [Tomcat]
2018-06-05 17:39:57.536  INFO 95784 --- [restartedMain] org.apache.catalina.core.StandardEngine  : Starting Servlet Engine: Apache Tomcat/8.5.29
2018-06-05 17:39:57.541  INFO 95784 --- [localhost-startStop-1] o.a.catalina.core.AprLifecycleListener   : The APR based Apache Tomcat Native library which allows optimal performance in production environments was not found on the java.library.path: [C:\Program Files\Java\jdk-10\bin;C:\Windows\Sun\Java\bin;C:\Windows\system32;C:\Windows;C:\ProgramData\Oracle\Java\javapath;C:\Windows\system32;C:\Windows;C:\Windows\System32\Wbem;C:\Windows\System32\WindowsPowerShell\v1.0\;C:\Program Files\Microsoft\Web Platform Installer\;C:\Program Files (x86)\Microsoft ASP.NET\ASP.NET Web Pages\v1.0\;C:\Program Files\Microsoft SQL Server\110\Tools\Binn\;C:\Program Files\Microsoft SQL Server\Client SDK\ODBC\110\Tools\Binn\;C:\Program Files (x86)\Microsoft SQL Server\120\Tools\Binn\;C:\Program Files\Microsoft SQL Server\120\Tools\Binn\;C:\Program Files\Microsoft SQL Server\120\DTS\Binn\;C:\Program Files (x86)\Microsoft SQL Server\120\Tools\Binn\ManagementStudio\;C:\Program Files (x86)\Microsoft SQL Server\120\DTS\Binn\;E:\dev\Git\bin;E:\dev\maven\bin;C:\Program Files\nodejs\;C:\Windows\system32\config\systemprofile\.dnx\bin;C:\Program Files\Microsoft DNX\Dnvm\;C:\Program Files (x86)\Windows Kits\8.1\Windows Performance Toolkit\;C:\Program Files\Microsoft SQL Server\130\Tools\Binn\;C:\Program Files\Redis\;C:\Program Files (x86)\GtkSharp\2.12\bin;C:\Program Files\TortoiseSVN\bin;C:\dev\gradle\bin;C:\dev\scala\bin;C:\Program Files (x86)\Yarn\bin\;C:\Users\Administrator\AppData\Local\Programs\Python\Python36-32\Scripts\;C:\Users\Administrator\AppData\Local\Programs\Python\Python36-32\;C:\Users\Administrator\.dnx\bin;C:\Users\Administrator\AppData\Roaming\npm;C:\Program Files\Microsoft VS Code\bin;C:\Users\Administrator\AppData\Local\Yarn\bin;.]
2018-06-05 17:39:57.649  INFO 95784 --- [localhost-startStop-1] o.a.c.c.C.[Tomcat].[localhost].[/]       : Initializing Spring embedded WebApplicationContext
2018-06-05 17:39:57.650  INFO 95784 --- [localhost-startStop-1] o.s.web.context.ContextLoader            : Root WebApplicationContext: initialization completed in 1805 ms
2018-06-05 17:39:57.793  INFO 95784 --- [localhost-startStop-1] o.s.b.w.servlet.ServletRegistrationBean  : Servlet dispatcherServlet mapped to [/]
2018-06-05 17:39:57.798  INFO 95784 --- [localhost-startStop-1] o.s.b.w.servlet.FilterRegistrationBean   : Mapping filter: 'characterEncodingFilter' to: [/*]
2018-06-05 17:39:57.799  INFO 95784 --- [localhost-startStop-1] o.s.b.w.servlet.FilterRegistrationBean   : Mapping filter: 'hiddenHttpMethodFilter' to: [/*]
2018-06-05 17:39:57.800  INFO 95784 --- [localhost-startStop-1] o.s.b.w.servlet.FilterRegistrationBean   : Mapping filter: 'httpPutFormContentFilter' to: [/*]
2018-06-05 17:39:57.800  INFO 95784 --- [localhost-startStop-1] o.s.b.w.servlet.FilterRegistrationBean   : Mapping filter: 'requestContextFilter' to: [/*]
2018-06-05 17:39:58.217  INFO 95784 --- [restartedMain] org.mongodb.driver.cluster               : Cluster created with settings {hosts=[localhost:27017], mode=MULTIPLE, requiredClusterType=UNKNOWN, serverSelectionTimeout='30000 ms', maxWaitQueueSize=500}
2018-06-05 17:39:58.218  INFO 95784 --- [restartedMain] org.mongodb.driver.cluster               : Adding discovered server localhost:27017 to client view of cluster
2018-06-05 17:39:58.281  INFO 95784 --- [cluster-ClusterId{value='5b165a6ec4406d7628d5cbf6', description='null'}-localhost:27017] org.mongodb.driver.connection            : Opened connection [connectionId{localValue:1, serverValue:5}] to localhost:27017
2018-06-05 17:39:58.297  INFO 95784 --- [cluster-ClusterId{value='5b165a6ec4406d7628d5cbf6', description='null'}-localhost:27017] org.mongodb.driver.cluster               : Monitor thread successfully connected to server with description ServerDescription{address=localhost:27017, type=STANDALONE, state=CONNECTED, ok=true, version=ServerVersion{versionList=[2, 6, 4]}, minWireVersion=0, maxWireVersion=2, maxDocumentSize=16777216, logicalSessionTimeoutMinutes=null, roundTripTimeNanos=5852176}
2018-06-05 17:39:58.300  INFO 95784 --- [cluster-ClusterId{value='5b165a6ec4406d7628d5cbf6', description='null'}-localhost:27017] org.mongodb.driver.cluster               : Discovered cluster type of STANDALONE
2018-06-05 17:39:58.531  INFO 95784 --- [restartedMain] o.s.w.s.handler.SimpleUrlHandlerMapping  : Mapped URL path [/**/favicon.ico] onto handler of type [class org.springframework.web.servlet.resource.ResourceHttpRequestHandler]
2018-06-05 17:39:58.772  INFO 95784 --- [restartedMain] s.w.s.m.m.a.RequestMappingHandlerAdapter : Looking for @ControllerAdvice: org.springframework.boot.web.servlet.context.AnnotationConfigServletWebServerApplicationContext@12510e84: startup date [Tue Jun 05 17:39:55 CST 2018]; root of context hierarchy
2018-06-05 17:39:58.826  INFO 95784 --- [restartedMain] s.w.s.m.m.a.RequestMappingHandlerMapping : Mapped "{[/bi/aggregate],methods=[POST]}" onto public com.hinacom.bi.domain.AggregationResult com.hinacom.bi.controller.BIController.aggregateFromCube(com.hinacom.bi.domain.AggregationParameter) throws java.text.ParseException
2018-06-05 17:39:58.828  INFO 95784 --- [restartedMain] s.w.s.m.m.a.RequestMappingHandlerMapping : Mapped "{[/error]}" onto public org.springframework.http.ResponseEntity<java.util.Map<java.lang.String, java.lang.Object>> org.springframework.boot.autoconfigure.web.servlet.error.BasicErrorController.error(javax.servlet.http.HttpServletRequest)
2018-06-05 17:39:58.829  INFO 95784 --- [restartedMain] s.w.s.m.m.a.RequestMappingHandlerMapping : Mapped "{[/error],produces=[text/html]}" onto public org.springframework.web.servlet.ModelAndView org.springframework.boot.autoconfigure.web.servlet.error.BasicErrorController.errorHtml(javax.servlet.http.HttpServletRequest,javax.servlet.http.HttpServletResponse)
2018-06-05 17:39:58.852  INFO 95784 --- [restartedMain] o.s.w.s.handler.SimpleUrlHandlerMapping  : Mapped URL path [/webjars/**] onto handler of type [class org.springframework.web.servlet.resource.ResourceHttpRequestHandler]
2018-06-05 17:39:58.852  INFO 95784 --- [restartedMain] o.s.w.s.handler.SimpleUrlHandlerMapping  : Mapped URL path [/**] onto handler of type [class org.springframework.web.servlet.resource.ResourceHttpRequestHandler]
2018-06-05 17:39:59.041  WARN 95784 --- [restartedMain] o.s.b.d.a.OptionalLiveReloadServer       : Unable to start LiveReload server
2018-06-05 17:39:59.067  INFO 95784 --- [restartedMain] o.s.j.e.a.AnnotationMBeanExporter        : Registering beans for JMX exposure on startup
2018-06-05 17:39:59.105  INFO 95784 --- [restartedMain] o.s.b.w.embedded.tomcat.TomcatWebServer  : Tomcat started on port(s): 9101 (http) with context path ''
2018-06-05 17:39:59.110  INFO 95784 --- [restartedMain] com.hinacom.bi.Application               : Started Application in 3.799 seconds (JVM running for 4.917)
2018-06-05 17:40:44.322  INFO 95784 --- [http-nio-9101-exec-1] o.a.c.c.C.[Tomcat].[localhost].[/]       : Initializing Spring FrameworkServlet 'dispatcherServlet'
2018-06-05 17:40:44.323  INFO 95784 --- [http-nio-9101-exec-1] o.s.web.servlet.DispatcherServlet        : FrameworkServlet 'dispatcherServlet': initialization started
2018-06-05 17:40:44.346  INFO 95784 --- [http-nio-9101-exec-1] o.s.web.servlet.DispatcherServlet        : FrameworkServlet 'dispatcherServlet': initialization completed in 23 ms
