2018-05-14 11:21:34.446  INFO 93248 --- [restartedMain] com.hinacom.bi.Application               : Starting Application on dell-PC with PID 93248 (C:\src\miPlatform\bi\out\production\classes started by Administrator in C:\src\miPlatform)
2018-05-14 11:21:34.446  INFO 93248 --- [restartedMain] com.hinacom.bi.Application               : No active profile set, falling back to default profiles: default
2018-05-14 11:21:34.451  INFO 93248 --- [restartedMain] ConfigServletWebServerApplicationContext : Refreshing org.springframework.boot.web.servlet.context.AnnotationConfigServletWebServerApplicationContext@7e8a0285: startup date [Mon May 14 11:21:34 CST 2018]; root of context hierarchy
2018-05-14 11:21:35.234  INFO 93248 --- [restartedMain] o.s.b.w.embedded.tomcat.TomcatWebServer  : Tomcat initialized with port(s): 9101 (http)
2018-05-14 11:21:35.235  INFO 93248 --- [restartedMain] o.apache.catalina.core.StandardService   : Starting service [Tomcat]
2018-05-14 11:21:35.235  INFO 93248 --- [restartedMain] org.apache.catalina.core.StandardEngine  : Starting Servlet Engine: Apache Tomcat/8.5.29
2018-05-14 11:21:35.282  INFO 93248 --- [localhost-startStop-1] o.a.c.c.C.[Tomcat].[localhost].[/]       : Initializing Spring embedded WebApplicationContext
2018-05-14 11:21:35.283  INFO 93248 --- [localhost-startStop-1] o.s.web.context.ContextLoader            : Root WebApplicationContext: initialization completed in 832 ms
2018-05-14 11:21:35.300  INFO 93248 --- [localhost-startStop-1] o.s.b.w.servlet.ServletRegistrationBean  : Servlet dispatcherServlet mapped to [/]
2018-05-14 11:21:35.300  INFO 93248 --- [localhost-startStop-1] o.s.b.w.servlet.FilterRegistrationBean   : Mapping filter: 'characterEncodingFilter' to: [/*]
2018-05-14 11:21:35.300  INFO 93248 --- [localhost-startStop-1] o.s.b.w.servlet.FilterRegistrationBean   : Mapping filter: 'hiddenHttpMethodFilter' to: [/*]
2018-05-14 11:21:35.300  INFO 93248 --- [localhost-startStop-1] o.s.b.w.servlet.FilterRegistrationBean   : Mapping filter: 'httpPutFormContentFilter' to: [/*]
2018-05-14 11:21:35.301  INFO 93248 --- [localhost-startStop-1] o.s.b.w.servlet.FilterRegistrationBean   : Mapping filter: 'requestContextFilter' to: [/*]
2018-05-14 11:21:35.316  INFO 93248 --- [restartedMain] org.mongodb.driver.cluster               : Cluster created with settings {hosts=[localhost:27017], mode=MULTIPLE, requiredClusterType=UNKNOWN, serverSelectionTimeout='30000 ms', maxWaitQueueSize=500}
2018-05-14 11:21:35.316  INFO 93248 --- [restartedMain] org.mongodb.driver.cluster               : Adding discovered server localhost:27017 to client view of cluster
2018-05-14 11:21:35.320  INFO 93248 --- [cluster-ClusterId{value='5af900bfc4406d6c40be65cc', description='null'}-localhost:27017] org.mongodb.driver.connection            : Opened connection [connectionId{localValue:2, serverValue:239}] to localhost:27017
2018-05-14 11:21:35.320  INFO 93248 --- [cluster-ClusterId{value='5af900bfc4406d6c40be65cc', description='null'}-localhost:27017] org.mongodb.driver.cluster               : Monitor thread successfully connected to server with description ServerDescription{address=localhost:27017, type=STANDALONE, state=CONNECTED, ok=true, version=ServerVersion{versionList=[2, 6, 4]}, minWireVersion=0, maxWireVersion=2, maxDocumentSize=16777216, logicalSessionTimeoutMinutes=null, roundTripTimeNanos=286640}
2018-05-14 11:21:35.321  INFO 93248 --- [cluster-ClusterId{value='5af900bfc4406d6c40be65cc', description='null'}-localhost:27017] org.mongodb.driver.cluster               : Discovered cluster type of STANDALONE
2018-05-14 11:21:35.359  INFO 93248 --- [restartedMain] o.s.w.s.handler.SimpleUrlHandlerMapping  : Mapped URL path [/**/favicon.ico] onto handler of type [class org.springframework.web.servlet.resource.ResourceHttpRequestHandler]
2018-05-14 11:21:35.403  INFO 93248 --- [restartedMain] s.w.s.m.m.a.RequestMappingHandlerAdapter : Looking for @ControllerAdvice: org.springframework.boot.web.servlet.context.AnnotationConfigServletWebServerApplicationContext@7e8a0285: startup date [Mon May 14 11:21:34 CST 2018]; root of context hierarchy
2018-05-14 11:21:35.409  INFO 93248 --- [restartedMain] s.w.s.m.m.a.RequestMappingHandlerMapping : Mapped "{[/bi/aggregate],methods=[POST]}" onto public com.hinacom.bi.domain.AggregationResult com.hinacom.bi.controller.BIController.aggregate(com.hinacom.bi.domain.AggregationParameter)
2018-05-14 11:21:35.410  INFO 93248 --- [restartedMain] s.w.s.m.m.a.RequestMappingHandlerMapping : Mapped "{[/error]}" onto public org.springframework.http.ResponseEntity<java.util.Map<java.lang.String, java.lang.Object>> org.springframework.boot.autoconfigure.web.servlet.error.BasicErrorController.error(javax.servlet.http.HttpServletRequest)
2018-05-14 11:21:35.410  INFO 93248 --- [restartedMain] s.w.s.m.m.a.RequestMappingHandlerMapping : Mapped "{[/error],produces=[text/html]}" onto public org.springframework.web.servlet.ModelAndView org.springframework.boot.autoconfigure.web.servlet.error.BasicErrorController.errorHtml(javax.servlet.http.HttpServletRequest,javax.servlet.http.HttpServletResponse)
2018-05-14 11:21:35.416  INFO 93248 --- [restartedMain] o.s.w.s.handler.SimpleUrlHandlerMapping  : Mapped URL path [/webjars/**] onto handler of type [class org.springframework.web.servlet.resource.ResourceHttpRequestHandler]
2018-05-14 11:21:35.416  INFO 93248 --- [restartedMain] o.s.w.s.handler.SimpleUrlHandlerMapping  : Mapped URL path [/**] onto handler of type [class org.springframework.web.servlet.resource.ResourceHttpRequestHandler]
2018-05-14 11:21:35.457  INFO 93248 --- [restartedMain] o.s.b.d.a.OptionalLiveReloadServer       : LiveReload server is running on port 35729
2018-05-14 11:21:35.471  INFO 93248 --- [restartedMain] o.s.j.e.a.AnnotationMBeanExporter        : Registering beans for JMX exposure on startup
2018-05-14 11:21:35.480  INFO 93248 --- [restartedMain] o.s.b.w.embedded.tomcat.TomcatWebServer  : Tomcat started on port(s): 9101 (http) with context path ''
2018-05-14 11:21:35.481  INFO 93248 --- [restartedMain] com.hinacom.bi.Application               : Started Application in 1.137 seconds (JVM running for 82.355)
2018-05-14 11:21:35.483  INFO 93248 --- [restartedMain] .ConditionEvaluationDeltaLoggingListener : Condition evaluation unchanged
2018-05-14 11:21:39.931  INFO 93248 --- [Thread-9] ConfigServletWebServerApplicationContext : Closing org.springframework.boot.web.servlet.context.AnnotationConfigServletWebServerApplicationContext@7e8a0285: startup date [Mon May 14 11:21:34 CST 2018]; root of context hierarchy
2018-05-14 11:21:39.932  INFO 93248 --- [Thread-9] o.s.j.e.a.AnnotationMBeanExporter        : Unregistering JMX-exposed beans on shutdown
